<?xml version="1.0" encoding="UTF-8"?>
<testsuite name="com.pratha.powerproject.service.impl.BatteryServiceImplTest" tests="4" skipped="0" failures="0" errors="0" timestamp="2025-05-18T09:43:55" hostname="Prathas-MacBook-Pro.local" time="0.795">
  <properties/>
  <testcase name="getBatteriesByCriteria_shouldReturnEmptyBatteryStatisticsObject_whenTheFetchOperation_isNull()" classname="com.pratha.powerproject.service.impl.BatteryServiceImplTest" time="0.712"/>
  <testcase name="getBatteriesByCriteria_shouldReturnEmptyBatteryStatisticsObject_whenTheFetchOperation_isEmptyList()" classname="com.pratha.powerproject.service.impl.BatteryServiceImplTest" time="0.004"/>
  <testcase name="saveBatteries_shouldReturn_listOfBatteryObjectWithPrimaryKeys()" classname="com.pratha.powerproject.service.impl.BatteryServiceImplTest" time="0.066"/>
  <testcase name="getBatteriesByCriteria_shouldReturn_batteryStatisticObject_withAlphabeticallyOrderedByName()" classname="com.pratha.powerproject.service.impl.BatteryServiceImplTest" time="0.008"/>
  <system-out><![CDATA[]]></system-out>
  <system-err><![CDATA[]]></system-err>
</testsuite>
