<?xml version="1.0" encoding="UTF-8"?>
<testsuite name="com.pratha.powerproject.service.impl.BatteryStatisticServiceImplTest" tests="7" skipped="0" failures="0" errors="0" timestamp="2025-05-18T09:43:56" hostname="Prathas-MacBook-Pro.local" time="0.111">
  <properties/>
  <testcase name="averageWattCapacity_mustBePositive_andAccurate()" classname="com.pratha.powerproject.service.impl.BatteryStatisticServiceImplTest" time="0.082"/>
  <testcase name="averageWattCapacity_mustInvokeCalculateTotalWattCapacity()" classname="com.pratha.powerproject.service.impl.BatteryStatisticServiceImplTest" time="0.004"/>
  <testcase name="averageWattCapacity_whenInputIsNull_returnsZero_AndNotInvokeCalculateTotalWattCapacity()" classname="com.pratha.powerproject.service.impl.BatteryStatisticServiceImplTest" time="0.002"/>
  <testcase name="totalWattCapacity_whenInputIsEmpty_returnsZero()" classname="com.pratha.powerproject.service.impl.BatteryStatisticServiceImplTest" time="0.002"/>
  <testcase name="averageWattCapacity_whenInputIsEmpty_returnsZero_AndNotInvokeCalculateTotalWattCapacity()" classname="com.pratha.powerproject.service.impl.BatteryStatisticServiceImplTest" time="0.003"/>
  <testcase name="totalWattCapacity_mustBePositive_andAccurate()" classname="com.pratha.powerproject.service.impl.BatteryStatisticServiceImplTest" time="0.003"/>
  <testcase name="totalWattCapacity_whenInputIsNull_returnsZero()" classname="com.pratha.powerproject.service.impl.BatteryStatisticServiceImplTest" time="0.002"/>
  <system-out><![CDATA[]]></system-out>
  <system-err><![CDATA[]]></system-err>
</testsuite>
